Using pre-set license
Built from '2021.3/china_unity/release' branch; Version is '2021.3.27f1c1 (2776fa9c5d2b) revision 2586362'; Using compiler version '192829333'; Build Type 'Release'
OS: 'Windows 11  (10.0.22621) 64bit CoreCountrySpecific' Language: 'zh' Physical Memory: 16068 MB
BatchMode: 1, IsHumanControllingUs: 0, StartBugReporterOnCrash: 0, Is64bit: 1, IsPro: 1

COMMAND LINE ARGUMENTS:
D:\unity1.11\2021.3.27f1c1\Editor\Unity.exe
-adb2
-batchMode
-noUpm
-name
AssetImportWorker0
-projectPath
D:/unity1.11/vr-competition/PipeLine/流程五/Listening class
-logFile
Logs/AssetImportWorker0.log
-srvPort
59907
Successfully changed project path to: D:/unity1.11/vr-competition/PipeLine/流程五/Listening class
D:/unity1.11/vr-competition/PipeLine/流程五/Listening class
[UnityMemory] Configuration Parameters - Can be set up in boot.config
    "memorysetup-bucket-allocator-granularity=16"
    "memorysetup-bucket-allocator-bucket-count=8"
    "memorysetup-bucket-allocator-block-size=33554432"
    "memorysetup-bucket-allocator-block-count=8"
    "memorysetup-main-allocator-block-size=16777216"
    "memorysetup-thread-allocator-block-size=16777216"
    "memorysetup-gfx-main-allocator-block-size=16777216"
    "memorysetup-gfx-thread-allocator-block-size=16777216"
    "memorysetup-cache-allocator-block-size=4194304"
    "memorysetup-typetree-allocator-block-size=2097152"
    "memorysetup-profiler-bucket-allocator-granularity=16"
    "memorysetup-profiler-bucket-allocator-bucket-count=8"
    "memorysetup-profiler-bucket-allocator-block-size=33554432"
    "memorysetup-profiler-bucket-allocator-block-count=8"
    "memorysetup-profiler-allocator-block-size=16777216"
    "memorysetup-profiler-editor-allocator-block-size=1048576"
    "memorysetup-temp-allocator-size-main=16777216"
    "memorysetup-job-temp-allocator-block-size=2097152"
    "memorysetup-job-temp-allocator-block-size-background=1048576"
    "memorysetup-job-temp-allocator-reduction-small-platforms=262144"
    "memorysetup-temp-allocator-size-background-worker=32768"
    "memorysetup-temp-allocator-size-job-worker=262144"
    "memorysetup-temp-allocator-size-preload-manager=33554432"
    "memorysetup-temp-allocator-size-nav-mesh-worker=65536"
    "memorysetup-temp-allocator-size-audio-worker=65536"
    "memorysetup-temp-allocator-size-cloud-worker=32768"
    "memorysetup-temp-allocator-size-gi-baking-worker=262144"
    "memorysetup-temp-allocator-size-gfx=262144"
Player connection [27612] Host "[IP] 192.168.214.254 [Port] 0 [Flags] 2 [Guid] 572802137 [EditorId] 572802137 [Version] 1048832 [Id] WindowsEditor(7,vr-sl-cp) [Debug] 1 [PackageName] WindowsEditor [ProjectName] Editor" joined multi-casting on [225.0.0.222:54997]...

Player connection [27612] Host "[IP] 192.168.214.254 [Port] 0 [Flags] 2 [Guid] 572802137 [EditorId] 572802137 [Version] 1048832 [Id] WindowsEditor(7,vr-sl-cp) [Debug] 1 [PackageName] WindowsEditor [ProjectName] Editor" joined alternative multi-casting on [225.0.0.222:34997]...

AS: AutoStreaming module initializing.
Refreshing native plugins compatible for Editor in 58.85 ms, found 3 plugins.
Preloading 0 native plugins for Editor in 0.00 ms.
Initialize engine version: 2021.3.27f1c1 (2776fa9c5d2b)
[Subsystems] Discovering subsystems at path D:/unity1.11/2021.3.27f1c1/Editor/Data/Resources/UnitySubsystems
[Subsystems] Discovering subsystems at path D:/unity1.11/vr-competition/PipeLine/流程五/Listening class/Assets
GfxDevice: creating device client; threaded=0; jobified=0
Direct3D:
    Version:  Direct3D 11.0 [level 11.1]
    Renderer: NVIDIA GeForce RTX 3050 Laptop GPU (ID=0x25e2)
    Vendor:   NVIDIA
    VRAM:     3977 MB
    Driver:   31.0.15.3623
Initialize mono
Mono path[0] = 'D:/unity1.11/2021.3.27f1c1/Editor/Data/Managed'
Mono path[1] = 'D:/unity1.11/2021.3.27f1c1/Editor/Data/MonoBleedingEdge/lib/mono/unityjit-win32'
Mono config path = 'D:/unity1.11/2021.3.27f1c1/Editor/Data/MonoBleedingEdge/etc'
Using monoOptions --debugger-agent=transport=dt_socket,embedding=1,server=y,suspend=n,address=127.0.0.1:56516
Begin MonoManager ReloadAssembly
Registering precompiled unity dll's ...
Register platform support module: D:/unity1.11/2021.3.27f1c1/Editor/Data/PlaybackEngines/WindowsStandaloneSupport/UnityEditor.WindowsStandalone.Extensions.dll
Registered in 0.002738 seconds.
Native extension for WindowsStandalone target not found
Refreshing native plugins compatible for Editor in 63.44 ms, found 3 plugins.
Preloading 0 native plugins for Editor in 0.00 ms.
Mono: successfully reloaded assembly
- Completed reload, in  0.445 seconds
Domain Reload Profiling:
	ReloadAssembly (446ms)
		BeginReloadAssembly (63ms)
			ExecutionOrderSort (0ms)
			DisableScriptedObjects (0ms)
			BackupInstance (0ms)
			ReleaseScriptingObjects (0ms)
			CreateAndSetChildDomain (1ms)
		EndReloadAssembly (311ms)
			LoadAssemblies (61ms)
			RebuildTransferFunctionScriptingTraits (0ms)
			SetupTypeCache (72ms)
			ReleaseScriptCaches (0ms)
			RebuildScriptCaches (18ms)
			SetupLoadedEditorAssemblies (180ms)
				LogAssemblyErrors (0ms)
				InitializePlatformSupportModulesInManaged (6ms)
				SetLoadedEditorAssemblies (0ms)
				RefreshPlugins (64ms)
				BeforeProcessingInitializeOnLoad (1ms)
				ProcessInitializeOnLoadAttributes (76ms)
				ProcessInitializeOnLoadMethodAttributes (33ms)
				AfterProcessingInitializeOnLoad (0ms)
				EditorAssembliesLoaded (0ms)
			ExecutionOrderSort2 (0ms)
			AwakeInstancesAfterBackupRestoration (0ms)
Platform modules already initialized, skipping
Registering precompiled user dll's ...
Registered in 0.007247 seconds.
Begin MonoManager ReloadAssembly
Symbol file LoadedFromMemory doesn't match image D:\unity1.11\vr-competition\PipeLine\流程五\Listening class\Library\PackageCache\com.unity.visualscripting@1.8.0\Editor\VisualScripting.Core\Dependencies\YamlDotNet\Unity.VisualScripting.YamlDotNet.dll
Symbol file LoadedFromMemory doesn't match image D:\unity1.11\vr-competition\PipeLine\流程五\Listening class\Library\PackageCache\com.unity.visualscripting@1.8.0\Editor\VisualScripting.Core\Dependencies\DotNetZip\Unity.VisualScripting.IonicZip.dll
Native extension for WindowsStandalone target not found
Refreshing native plugins compatible for Editor in 0.72 ms, found 3 plugins.
Preloading 0 native plugins for Editor in 0.00 ms.
Mono: successfully reloaded assembly
- Completed reload, in  0.764 seconds
Domain Reload Profiling:
	ReloadAssembly (764ms)
		BeginReloadAssembly (93ms)
			ExecutionOrderSort (0ms)
			DisableScriptedObjects (4ms)
			BackupInstance (0ms)
			ReleaseScriptingObjects (0ms)
			CreateAndSetChildDomain (14ms)
		EndReloadAssembly (581ms)
			LoadAssemblies (75ms)
			RebuildTransferFunctionScriptingTraits (0ms)
			SetupTypeCache (192ms)
			ReleaseScriptCaches (0ms)
			RebuildScriptCaches (32ms)
			SetupLoadedEditorAssemblies (251ms)
				LogAssemblyErrors (0ms)
				InitializePlatformSupportModulesInManaged (5ms)
				SetLoadedEditorAssemblies (0ms)
				RefreshPlugins (1ms)
				BeforeProcessingInitializeOnLoad (58ms)
				ProcessInitializeOnLoadAttributes (163ms)
				ProcessInitializeOnLoadMethodAttributes (15ms)
				AfterProcessingInitializeOnLoad (9ms)
				EditorAssembliesLoaded (0ms)
			ExecutionOrderSort2 (0ms)
			AwakeInstancesAfterBackupRestoration (5ms)
Platform modules already initialized, skipping
========================================================================
Worker process is ready to serve import requests
Launched and connected shader compiler UnityShaderCompiler.exe after 0.05 seconds
Refreshing native plugins compatible for Editor in 0.95 ms, found 3 plugins.
Preloading 0 native plugins for Editor in 0.00 ms.
Unloading 3068 Unused Serialized files (Serialized files now loaded: 0)
Unloading 22 unused Assets / (46.9 KB). Loaded Objects now: 3535.
Memory consumption went from 117.1 MB to 117.0 MB.
Total: 3.397100 ms (FindLiveObjects: 0.219000 ms CreateObjectMapping: 0.134600 ms MarkObjects: 2.944600 ms  DeleteObjects: 0.097100 ms)

AssetImportParameters requested are different than current active one (requested -> active):
  custom:video-decoder-ogg-theora: a1e56fd34408186e4bbccfd4996cb3dc -> 
  custom:container-muxer-webm: aa71ff27fc2769a1b78a27578f13a17b -> 
  custom:container-demuxer-webm: 4f35f7cbe854078d1ac9338744f61a02 -> 
  custom:video-encoder-webm-vp8: eb34c28f22e8b96e1ab97ce403110664 -> 
  custom:video-codec-MediaFoundation-h265: 746d11721c4dcdbdad8f713fa42b33f4 -> 
  custom:audio-encoder-webm-vorbis: bf7c407c2cedff20999df2af8eb42d56 -> 
  custom:framework-win-MediaFoundation: 216162199b28c13a410421893ffa2e32 -> 
  custom:container-demuxer-ogg: 62fdf1f143b41e24485cea50d1cbac27 -> 
  custom:video-decoder-webm-vp8: 9c59270c3fd7afecdb556c50c9e8de78 -> 
  custom:audio-decoder-ogg-vorbis: bf7c407c2cedff20999df2af8eb42d56 -> 
========================================================================
Received Import Request.
  Time since last request: 53884.469958 seconds.
  path: Assets/Akishaqs/Characters/_CommonFiles/_DemoStuff
  artifactKey: Guid(77c363e745d9f124fbe631fa046283bc) Importer(815301076,1909f56bfc062723c751e8b465ee728b)
Start importing Assets/Akishaqs/Characters/_CommonFiles/_DemoStuff using Guid(77c363e745d9f124fbe631fa046283bc) Importer(815301076,1909f56bfc062723c751e8b465ee728b)  -> (artifact id: '7d738e263326a435d8bed2cff9d2e7bd') in 0.016339 seconds 
========================================================================
Received Import Request.
  Time since last request: 0.000027 seconds.
  path: Assets/Akishaqs/Characters/_CommonFiles/Animations
  artifactKey: Guid(e321b6c6fe4597b448934b9329ce0705) Importer(815301076,1909f56bfc062723c751e8b465ee728b)
Start importing Assets/Akishaqs/Characters/_CommonFiles/Animations using Guid(e321b6c6fe4597b448934b9329ce0705) Importer(815301076,1909f56bfc062723c751e8b465ee728b)  -> (artifact id: 'b9a8dd17cb8603117fcb02b6437b7220') in 0.018382 seconds 
========================================================================
Received Prepare
Registering precompiled user dll's ...
Registered in 0.010476 seconds.
Begin MonoManager ReloadAssembly
Symbol file LoadedFromMemory doesn't match image D:\unity1.11\vr-competition\PipeLine\流程五\Listening class\Library\PackageCache\com.unity.visualscripting@1.8.0\Editor\VisualScripting.Core\Dependencies\YamlDotNet\Unity.VisualScripting.YamlDotNet.dll
Symbol file LoadedFromMemory doesn't match image D:\unity1.11\vr-competition\PipeLine\流程五\Listening class\Library\PackageCache\com.unity.visualscripting@1.8.0\Editor\VisualScripting.Core\Dependencies\DotNetZip\Unity.VisualScripting.IonicZip.dll
Native extension for WindowsStandalone target not found
Refreshing native plugins compatible for Editor in 0.52 ms, found 3 plugins.
Preloading 0 native plugins for Editor in 0.00 ms.
Mono: successfully reloaded assembly
- Completed reload, in  0.721 seconds
Domain Reload Profiling:
	ReloadAssembly (722ms)
		BeginReloadAssembly (116ms)
			ExecutionOrderSort (0ms)
			DisableScriptedObjects (4ms)
			BackupInstance (0ms)
			ReleaseScriptingObjects (0ms)
			CreateAndSetChildDomain (26ms)
		EndReloadAssembly (521ms)
			LoadAssemblies (71ms)
			RebuildTransferFunctionScriptingTraits (0ms)
			SetupTypeCache (182ms)
			ReleaseScriptCaches (1ms)
			RebuildScriptCaches (33ms)
			SetupLoadedEditorAssemblies (211ms)
				LogAssemblyErrors (0ms)
				InitializePlatformSupportModulesInManaged (3ms)
				SetLoadedEditorAssemblies (0ms)
				RefreshPlugins (1ms)
				BeforeProcessingInitializeOnLoad (39ms)
				ProcessInitializeOnLoadAttributes (142ms)
				ProcessInitializeOnLoadMethodAttributes (16ms)
				AfterProcessingInitializeOnLoad (10ms)
				EditorAssembliesLoaded (0ms)
			ExecutionOrderSort2 (0ms)
			AwakeInstancesAfterBackupRestoration (5ms)
Platform modules already initialized, skipping
Refreshing native plugins compatible for Editor in 1.76 ms, found 3 plugins.
Preloading 0 native plugins for Editor in 0.00 ms.
Unloading 3058 Unused Serialized files (Serialized files now loaded: 0)
Unloading 15 unused Assets / (22.0 KB). Loaded Objects now: 3538.
Memory consumption went from 116.1 MB to 116.1 MB.
Total: 2.065900 ms (FindLiveObjects: 0.161600 ms CreateObjectMapping: 0.067200 ms MarkObjects: 1.815400 ms  DeleteObjects: 0.020700 ms)

AssetImportParameters requested are different than current active one (requested -> active):
  custom:video-decoder-ogg-theora: a1e56fd34408186e4bbccfd4996cb3dc -> 
  custom:container-muxer-webm: aa71ff27fc2769a1b78a27578f13a17b -> 
  custom:container-demuxer-webm: 4f35f7cbe854078d1ac9338744f61a02 -> 
  custom:video-encoder-webm-vp8: eb34c28f22e8b96e1ab97ce403110664 -> 
  custom:video-codec-MediaFoundation-h265: 746d11721c4dcdbdad8f713fa42b33f4 -> 
  custom:audio-encoder-webm-vorbis: bf7c407c2cedff20999df2af8eb42d56 -> 
  custom:framework-win-MediaFoundation: 216162199b28c13a410421893ffa2e32 -> 
  custom:container-demuxer-ogg: 62fdf1f143b41e24485cea50d1cbac27 -> 
  custom:video-decoder-webm-vp8: 9c59270c3fd7afecdb556c50c9e8de78 -> 
  custom:audio-decoder-ogg-vorbis: bf7c407c2cedff20999df2af8eb42d56 -> 
========================================================================
Received Import Request.
  Time since last request: 163.951135 seconds.
  path: Assets/Akishaqs/Characters/_CommonFiles/_DemoStuff/Fonts/Raleway-Bold.ttf
  artifactKey: Guid(60306e2d20ab35241ad59cc20505a0d9) Importer(815301076,1909f56bfc062723c751e8b465ee728b)
Start importing Assets/Akishaqs/Characters/_CommonFiles/_DemoStuff/Fonts/Raleway-Bold.ttf using Guid(60306e2d20ab35241ad59cc20505a0d9) Importer(815301076,1909f56bfc062723c751e8b465ee728b)  -> (artifact id: 'fa887e71faca24234a86d20e6c558117') in 0.164178 seconds 
========================================================================
Received Import Request.
  Time since last request: 1.226202 seconds.
  path: Assets/Akishaqs/Characters/_CommonFiles/_DemoStuff/Fonts/Raleway-Black.ttf
  artifactKey: Guid(b34d2db5bd4bcc14e9eebc549172388c) Importer(815301076,1909f56bfc062723c751e8b465ee728b)
Start importing Assets/Akishaqs/Characters/_CommonFiles/_DemoStuff/Fonts/Raleway-Black.ttf using Guid(b34d2db5bd4bcc14e9eebc549172388c) Importer(815301076,1909f56bfc062723c751e8b465ee728b)  -> (artifact id: 'a9ab7beb98edca8c20d701c6383f3bc0') in 0.022913 seconds 
========================================================================
Received Import Request.
  Time since last request: 0.000036 seconds.
  path: Assets/Akishaqs/Characters/_CommonFiles/_DemoStuff/Fonts/Raleway-MediumItalic.ttf
  artifactKey: Guid(0ea9b6a97a619084a96b63437ff90d82) Importer(815301076,1909f56bfc062723c751e8b465ee728b)
Start importing Assets/Akishaqs/Characters/_CommonFiles/_DemoStuff/Fonts/Raleway-MediumItalic.ttf using Guid(0ea9b6a97a619084a96b63437ff90d82) Importer(815301076,1909f56bfc062723c751e8b465ee728b)  -> (artifact id: '4a7ab420935018dabb0c0a80a0e99a8c') in 0.020451 seconds 
========================================================================
Received Import Request.
  Time since last request: 0.000029 seconds.
  path: Assets/Akishaqs/Characters/_CommonFiles/_DemoStuff/Fonts/Raleway-Regular.ttf
  artifactKey: Guid(a97d5dbd87a2ae44a99dce0f7312ab66) Importer(815301076,1909f56bfc062723c751e8b465ee728b)
Start importing Assets/Akishaqs/Characters/_CommonFiles/_DemoStuff/Fonts/Raleway-Regular.ttf using Guid(a97d5dbd87a2ae44a99dce0f7312ab66) Importer(815301076,1909f56bfc062723c751e8b465ee728b)  -> (artifact id: 'bb9dca96c03563793d49f63d298fa302') in 0.020322 seconds 
========================================================================
Received Import Request.
  Time since last request: 0.000030 seconds.
  path: Assets/Akishaqs/Characters/_CommonFiles/_DemoStuff/Fonts/Raleway-ThinItalic.ttf
  artifactKey: Guid(03b7472dd01dbf94a87d5305fa9e42cb) Importer(815301076,1909f56bfc062723c751e8b465ee728b)
Start importing Assets/Akishaqs/Characters/_CommonFiles/_DemoStuff/Fonts/Raleway-ThinItalic.ttf using Guid(03b7472dd01dbf94a87d5305fa9e42cb) Importer(815301076,1909f56bfc062723c751e8b465ee728b)  -> (artifact id: 'e4e94f9523dd50111eae7ff02a415b73') in 0.018494 seconds 
========================================================================
Received Import Request.
  Time since last request: 0.000022 seconds.
  path: Assets/Akishaqs/Characters/_CommonFiles/_DemoStuff/Fonts/Raleway-Medium.ttf
  artifactKey: Guid(df10696ad7d621c4886648eb9a4484e4) Importer(815301076,1909f56bfc062723c751e8b465ee728b)
Start importing Assets/Akishaqs/Characters/_CommonFiles/_DemoStuff/Fonts/Raleway-Medium.ttf using Guid(df10696ad7d621c4886648eb9a4484e4) Importer(815301076,1909f56bfc062723c751e8b465ee728b)  -> (artifact id: '63971177db7b32a4b92fa2b6e24af5e3') in 0.017108 seconds 
========================================================================
Received Import Request.
  Time since last request: 0.000023 seconds.
  path: Assets/Akishaqs/Characters/_CommonFiles/_DemoStuff/Fonts/Raleway-LightItalic.ttf
  artifactKey: Guid(997e75c59a4d54a40a27df1300c69b91) Importer(815301076,1909f56bfc062723c751e8b465ee728b)
Start importing Assets/Akishaqs/Characters/_CommonFiles/_DemoStuff/Fonts/Raleway-LightItalic.ttf using Guid(997e75c59a4d54a40a27df1300c69b91) Importer(815301076,1909f56bfc062723c751e8b465ee728b)  -> (artifact id: '38bfb26a45f385ee0d25804bb8d66be7') in 0.016701 seconds 
========================================================================
Received Import Request.
  Time since last request: 0.000023 seconds.
  path: Assets/Akishaqs/Characters/_CommonFiles/_DemoStuff/Fonts/Raleway-ExtraLightItalic.ttf
  artifactKey: Guid(4179788f98cd9fd4a859f9e7c99b7040) Importer(815301076,1909f56bfc062723c751e8b465ee728b)
Start importing Assets/Akishaqs/Characters/_CommonFiles/_DemoStuff/Fonts/Raleway-ExtraLightItalic.ttf using Guid(4179788f98cd9fd4a859f9e7c99b7040) Importer(815301076,1909f56bfc062723c751e8b465ee728b)  -> (artifact id: 'c8f25cee9989824af83197079bd3bd02') in 0.017419 seconds 
========================================================================
Received Import Request.
  Time since last request: 0.000025 seconds.
  path: Assets/Akishaqs/Characters/_CommonFiles/_DemoStuff/Fonts/Raleway-ExtraLight.ttf
  artifactKey: Guid(8dc84def8d7358e46b0082588eebbf73) Importer(815301076,1909f56bfc062723c751e8b465ee728b)
Start importing Assets/Akishaqs/Characters/_CommonFiles/_DemoStuff/Fonts/Raleway-ExtraLight.ttf using Guid(8dc84def8d7358e46b0082588eebbf73) Importer(815301076,1909f56bfc062723c751e8b465ee728b)  -> (artifact id: 'c9202b479a95153a594a4d0335ffdb0c') in 0.017543 seconds 
========================================================================
Received Import Request.
  Time since last request: 0.000023 seconds.
  path: Assets/Akishaqs/Characters/_CommonFiles/_DemoStuff/Fonts/Raleway-ExtraBold.ttf
  artifactKey: Guid(e249261173bfa8e419b7f4e660680904) Importer(815301076,1909f56bfc062723c751e8b465ee728b)
Start importing Assets/Akishaqs/Characters/_CommonFiles/_DemoStuff/Fonts/Raleway-ExtraBold.ttf using Guid(e249261173bfa8e419b7f4e660680904) Importer(815301076,1909f56bfc062723c751e8b465ee728b)  -> (artifact id: '8708288afa3b749b552524b37e99cf2d') in 0.017902 seconds 
========================================================================
Received Import Request.
  Time since last request: 0.000023 seconds.
  path: Assets/Akishaqs/Characters/_CommonFiles/_DemoStuff/Fonts/Raleway-ExtraBoldItalic.ttf
  artifactKey: Guid(29b004a046007354684c5c289c6a7f24) Importer(815301076,1909f56bfc062723c751e8b465ee728b)
Start importing Assets/Akishaqs/Characters/_CommonFiles/_DemoStuff/Fonts/Raleway-ExtraBoldItalic.ttf using Guid(29b004a046007354684c5c289c6a7f24) Importer(815301076,1909f56bfc062723c751e8b465ee728b)  -> (artifact id: '64414371fbcb5cd1591eb1b0a087780e') in 0.018717 seconds 
========================================================================
Received Import Request.
  Time since last request: 0.000023 seconds.
  path: Assets/Akishaqs/Characters/_CommonFiles/_DemoStuff/Fonts/Raleway-SemiBoldItalic.ttf
  artifactKey: Guid(68dfa70a519ce4e40a1cf5d179ef520a) Importer(815301076,1909f56bfc062723c751e8b465ee728b)
Start importing Assets/Akishaqs/Characters/_CommonFiles/_DemoStuff/Fonts/Raleway-SemiBoldItalic.ttf using Guid(68dfa70a519ce4e40a1cf5d179ef520a) Importer(815301076,1909f56bfc062723c751e8b465ee728b)  -> (artifact id: 'ae529a090fd23b8d955aba0634fc562e') in 0.019363 seconds 
========================================================================
Received Import Request.
  Time since last request: 2.546469 seconds.
  path: Assets/Akishaqs/Characters/_CommonFiles/_DemoStuff/Misc/_AnimManager.prefab
  artifactKey: Guid(c0565975d254d1141bb9f3e1c94b8d32) Importer(815301076,1909f56bfc062723c751e8b465ee728b)
Start importing Assets/Akishaqs/Characters/_CommonFiles/_DemoStuff/Misc/_AnimManager.prefab using Guid(c0565975d254d1141bb9f3e1c94b8d32) Importer(815301076,1909f56bfc062723c751e8b465ee728b)  -> (artifact id: '29e4c146e6e3d90ec24830dce509d553') in 0.022005 seconds 
========================================================================
Received Import Request.
  Time since last request: 4.611397 seconds.
  path: Assets/Akishaqs/Characters/_CommonFiles/Animations/StandardLocomotion/HumanoidIdle.fbx
  artifactKey: Guid(dffa50cfe77e0434bbfa71245b3dd529) Importer(815301076,1909f56bfc062723c751e8b465ee728b)
Start importing Assets/Akishaqs/Characters/_CommonFiles/Animations/StandardLocomotion/HumanoidIdle.fbx using Guid(dffa50cfe77e0434bbfa71245b3dd529) Importer(815301076,1909f56bfc062723c751e8b465ee728b)  -> (artifact id: 'a4071e56e5e9096f86e24a4fb0c7f888') in 0.017327 seconds 
========================================================================
Received Import Request.
  Time since last request: 0.000019 seconds.
  path: Assets/Akishaqs/Characters/_CommonFiles/Animations/StandardLocomotion/HumanoidWalkTurn.fbx
  artifactKey: Guid(1c52c953c83c2254a9fa72d50250f028) Importer(815301076,1909f56bfc062723c751e8b465ee728b)
Start importing Assets/Akishaqs/Characters/_CommonFiles/Animations/StandardLocomotion/HumanoidWalkTurn.fbx using Guid(1c52c953c83c2254a9fa72d50250f028) Importer(815301076,1909f56bfc062723c751e8b465ee728b)  -> (artifact id: '4e250ed2dc001e4293b151bf0a44a766') in 0.014438 seconds 
========================================================================
Received Import Request.
  Time since last request: 0.000019 seconds.
  path: Assets/Akishaqs/Characters/_CommonFiles/Animations/StandardLocomotion/HumanoidRunTurn.fbx
  artifactKey: Guid(1062212255550964e974f3ffb3cbaae3) Importer(815301076,1909f56bfc062723c751e8b465ee728b)
Start importing Assets/Akishaqs/Characters/_CommonFiles/Animations/StandardLocomotion/HumanoidRunTurn.fbx using Guid(1062212255550964e974f3ffb3cbaae3) Importer(815301076,1909f56bfc062723c751e8b465ee728b)  -> (artifact id: 'a0a10d8e2e7591fa5a357a1ab12ffbb6') in 0.016928 seconds 
========================================================================
Received Import Request.
  Time since last request: 0.000021 seconds.
  path: Assets/Akishaqs/Characters/_CommonFiles/Animations/StandardLocomotion/HumanoidMidAir.fbx
  artifactKey: Guid(f03e10c73f30b4ab4aa8ea8f1cc16d36) Importer(815301076,1909f56bfc062723c751e8b465ee728b)
Start importing Assets/Akishaqs/Characters/_CommonFiles/Animations/StandardLocomotion/HumanoidMidAir.fbx using Guid(f03e10c73f30b4ab4aa8ea8f1cc16d36) Importer(815301076,1909f56bfc062723c751e8b465ee728b)  -> (artifact id: '8aecb12ab00c85ef78cd93104fcb86a3') in 0.017320 seconds 
Editor requested this worker to shutdown with reason: Scaling down because of idle timeout
AssetImportWorker is now disconnected from the server
Process exiting
Exiting without the bug reporter. Application will terminate with return code 0